<?xml version="1.0" encoding="UTF-8"?>
<!-- Generated by org.testng.reporters.JUnitXMLReporter -->
<testsuite ignored="0" hostname="LAPTOP-LA6NMLRJ" failures="1" tests="1" name="validation of title" time="20.27" errors="0" timestamp="2020-09-30T12:23:21 IST">
  <testcase classname="Academy.EtoEProject.GetTitle" name="pageTitle" time="0.037">
    <failure type="java.lang.AssertionError" message="expected [FEATURED COURSES123] but found [FEATURED COURSES]">
      <![CDATA[java.lang.AssertionError: expected [FEATURED COURSES123] but found [FEATURED COURSES]
at Academy.EtoEProject.GetTitle.pageTitle(GetTitle.java:30)
at java.base/java.util.ArrayList.forEach(ArrayList.java:1511)
... Removed 33 stack frames]]>
    </failure>
  </testcase> <!-- pageTitle -->
</testsuite> <!-- validation of title -->
