<?xml version="1.0" encoding="UTF-8"?>
<!-- Generated by org.testng.reporters.JUnitXMLReporter -->
<testsuite ignored="0" hostname="LAPTOP-LA6NMLRJ" failures="0" tests="4" name="Test" time="103.185" errors="0" timestamp="2020-09-28T15:14:24 IST">
  <testcase classname="Academy.EtoEProject.HomePage" name="basePageNavigation" time="32.647"/>
  <testcase classname="Academy.EtoEProject.HomePage" name="basePageNavigation" time="5.307"/>
  <testcase classname="Academy.EtoEProject.GetTitle" name="pageTitle" time="0.082"/>
  <testcase classname="Academy.EtoEProject.ValidateNavigationBar" name="getNavigationBar" time="0.139"/>
</testsuite> <!-- Test -->
