<?xml version="1.0" encoding="UTF-8"?>
<testng-results ignored="0" total="4" passed="4" failed="0" skipped="0">
  <reporter-output>
  </reporter-output>
  <suite started-at="2020-09-28T15:12:41 IST" name="Suite" finished-at="2020-09-28T15:14:24 IST" duration-ms="103185">
    <groups>
    </groups>
    <test started-at="2020-09-28T15:12:41 IST" name="Test" finished-at="2020-09-28T15:14:24 IST" duration-ms="103185">
      <class name="Academy.EtoEProject.HomePage">
        <test-method is-config="true" signature="initialize()[pri:0, instance:Academy.EtoEProject.HomePage@5f9edf14]" started-at="2020-09-28T15:13:10 IST" name="initialize" finished-at="2020-09-28T15:13:14 IST" duration-ms="3770" status="PASS">
          <reporter-output>
          </reporter-output>
        </test-method> <!-- initialize -->
        <test-method signature="basePageNavigation(java.lang.String, java.lang.String, java.lang.String)[pri:0, instance:Academy.EtoEProject.HomePage@5f9edf14]" started-at="2020-09-28T15:13:45 IST" name="basePageNavigation" data-provider="getData" finished-at="2020-09-28T15:14:18 IST" duration-ms="32647" status="PASS">
          <params>
            <param index="0">
              <value>
                <![CDATA[nonrestricteduser@gmail.com]]>
              </value>
            </param>
            <param index="1">
              <value>
                <![CDATA[1234]]>
              </value>
            </param>
            <param index="2">
              <value>
                <![CDATA[hi]]>
              </value>
            </param>
          </params>
          <reporter-output>
          </reporter-output>
        </test-method> <!-- basePageNavigation -->
        <test-method signature="basePageNavigation(java.lang.String, java.lang.String, java.lang.String)[pri:0, instance:Academy.EtoEProject.HomePage@5f9edf14]" started-at="2020-09-28T15:14:18 IST" name="basePageNavigation" data-provider="getData" finished-at="2020-09-28T15:14:23 IST" duration-ms="5307" status="PASS">
          <params>
            <param index="0">
              <value>
                <![CDATA[restricteduser@gmail.com]]>
              </value>
            </param>
            <param index="1">
              <value>
                <![CDATA[5678]]>
              </value>
            </param>
            <param index="2">
              <value>
                <![CDATA[hello]]>
              </value>
            </param>
          </params>
          <reporter-output>
          </reporter-output>
        </test-method> <!-- basePageNavigation -->
        <test-method is-config="true" signature="teardown()[pri:0, instance:Academy.EtoEProject.HomePage@5f9edf14]" started-at="2020-09-28T15:14:24 IST" name="teardown" finished-at="2020-09-28T15:14:24 IST" duration-ms="122" status="PASS">
          <reporter-output>
          </reporter-output>
        </test-method> <!-- teardown -->
      </class> <!-- Academy.EtoEProject.HomePage -->
      <class name="Academy.EtoEProject.GetTitle">
        <test-method is-config="true" signature="initialize()[pri:0, instance:Academy.EtoEProject.GetTitle@68746f22]" started-at="2020-09-28T15:12:41 IST" name="initialize" finished-at="2020-09-28T15:13:10 IST" duration-ms="29162" status="PASS">
          <reporter-output>
          </reporter-output>
        </test-method> <!-- initialize -->
        <test-method signature="pageTitle()[pri:0, instance:Academy.EtoEProject.GetTitle@68746f22]" started-at="2020-09-28T15:14:23 IST" name="pageTitle" finished-at="2020-09-28T15:14:23 IST" duration-ms="82" status="PASS">
          <reporter-output>
          </reporter-output>
        </test-method> <!-- pageTitle -->
        <test-method is-config="true" signature="teardown()[pri:0, instance:Academy.EtoEProject.GetTitle@68746f22]" started-at="2020-09-28T15:14:24 IST" name="teardown" finished-at="2020-09-28T15:14:24 IST" duration-ms="180" status="PASS">
          <reporter-output>
          </reporter-output>
        </test-method> <!-- teardown -->
      </class> <!-- Academy.EtoEProject.GetTitle -->
      <class name="Academy.EtoEProject.ValidateNavigationBar">
        <test-method is-config="true" signature="initialize()[pri:0, instance:Academy.EtoEProject.ValidateNavigationBar@2f01783a]" started-at="2020-09-28T15:13:14 IST" name="initialize" finished-at="2020-09-28T15:13:45 IST" duration-ms="31536" status="PASS">
          <reporter-output>
          </reporter-output>
        </test-method> <!-- initialize -->
        <test-method signature="getNavigationBar()[pri:0, instance:Academy.EtoEProject.ValidateNavigationBar@2f01783a]" started-at="2020-09-28T15:14:23 IST" name="getNavigationBar" finished-at="2020-09-28T15:14:24 IST" duration-ms="139" status="PASS">
          <reporter-output>
          </reporter-output>
        </test-method> <!-- getNavigationBar -->
        <test-method is-config="true" signature="teardown()[pri:0, instance:Academy.EtoEProject.ValidateNavigationBar@2f01783a]" started-at="2020-09-28T15:14:24 IST" name="teardown" finished-at="2020-09-28T15:14:24 IST" duration-ms="170" status="PASS">
          <reporter-output>
          </reporter-output>
        </test-method> <!-- teardown -->
      </class> <!-- Academy.EtoEProject.ValidateNavigationBar -->
    </test> <!-- Test -->
  </suite> <!-- Suite -->
</testng-results>
